\o Program:		@(#)$CDS: libManager version 6.1.7 - CAT35 07/19/2018 21:10 (sjfnl053) $
\o Sub version:		sub-version  s221 
\o Arguments:		-mpssession virtuoso3419154 -mpshost finagle.wot.ece.northwestern.edu 
\o Working Directory:	finagle.wot.ece.northwestern.edu:/home/gel8580/CE391/Lab2
\o 64-bit offsets
\o Qt version: 		4.8.5
\o Log file is "/home/gel8580/CE391/Lab2/libManager.log".
\o Opening libManager window.
\a _lmSetFilter( 'cell (list nil 'FilterWith "All Of The Words"))
\a nrSetCurrentWindow(cdsLibManager)
\a nrResizeWindow(cdsLibManager list(-10 19 602 491))
\o changeWorkingDir("/home/gel8580/CE391/Lab2") unnecessary.
\o ddSetForcedLib("") unnecessary.
\o MPS service: map window
\o Library Manager customization server connected.
\a nrSetCurrentWindow(cdsLibManager)
\a nrSetCurrentWindow(cdsLibManager)
\o MPS service: shutdown
\o libManager is exiting.
\a nrSetWindowVisibility(cdsLibManager "hide")
\a exit(0)
