\o Program:		@(#)$CDS: libManager version 6.1.7 - CAT35 07/19/2018 21:10 (sjfnl053) $
\o Sub version:		sub-version  s221 
\o Arguments:		-mpssession virtuoso2563989 -mpshost finagle.wot.ece.northwestern.edu 
\o Working Directory:	finagle.wot.ece.northwestern.edu:/home/gel8580/CE391/Lab3
\o 64-bit offsets
\o Qt version: 		4.8.5
\o Log file is "/home/gel8580/CE391/Lab3/libManager.log".
\o Opening libManager window.
\a nrSetCurrentWindow(cdsLibManager)
\a _lmSetFilter( 'cell (list nil 'FilterWith "All Of The Words"))
\w Warning: The directory: '/home/gel8580/CE391/Lab3/Lab3Lib' does not exist
\w 	but was defined in libFile '/home/gel8580/CE391/Lab3/cds.lib' for Lib 'Lab3Lib'.
\a nrResizeWindow(cdsLibManager list(67 22 673 544))
\o changeWorkingDir("/home/gel8580/CE391/Lab3") unnecessary.
\o ddSetForcedLib("") unnecessary.
\o MPS service: map window
\o Library Manager customization server connected.
\w Warning: The directory: '/home/gel8580/CE391/Lab3/Lab3Lib' does not exist
\w 	but was defined in libFile '/home/gel8580/CE391/Lab3/cds.lib' for Lib 'Lab3Lib'.
\a cdsLibManager->libListBox->value = "my_sram"
\a cdsLibManager->libLineEdit->value = "my_sram"
\a cdsLibManager->cellListBox->value = "sram_col_1b"
\a cdsLibManager->cellLineEdit->value = "sram_col_1b"
\a cdsLibManager->cellListBox->value = "sram_6t_cell"
\a cdsLibManager->cellLineEdit->value = "sram_6t_cell"
\a cdsLibManager->cellListBox->value = "sram_4x4_arr"
\a cdsLibManager->cellLineEdit->value = "sram_4x4_arr"
\a cdsLibManager->viewListBox->value = "schematic"
\a cdsLibManager->viewLineEdit->value = "schematic"
\a cdsLibManager->cellListBox->value = "small_inv"
\a cdsLibManager->cellLineEdit->value = "small_inv"
\a cdsLibManager->viewLineEdit->value = ""
\a cdsLibManager->viewListBox->value = nil
\a cdsLibManager->viewListBox->value = "schematic"
\a cdsLibManager->viewLineEdit->value = "schematic"
\a cdsLibManager->cellListBox->value = "sence_amp"
\a cdsLibManager->cellLineEdit->value = "sence_amp"
\a cdsLibManager->viewLineEdit->value = ""
\a cdsLibManager->viewListBox->value = nil
\a cdsLibManager->viewListBox->value = "schematic"
\a cdsLibManager->viewLineEdit->value = "schematic"
\a cdsLibManager->cellListBox->value = "precharge_circuit"
\a cdsLibManager->cellLineEdit->value = "precharge_circuit"
\a cdsLibManager->viewLineEdit->value = ""
\a cdsLibManager->viewListBox->value = nil
\a cdsLibManager->viewListBox->value = "schematic"
\a cdsLibManager->viewLineEdit->value = "schematic"
\a cdsLibManager->cellListBox->value = "netlist"
\a cdsLibManager->cellLineEdit->value = "netlist"
\a cdsLibManager->viewLineEdit->value = ""
\a cdsLibManager->viewListBox->value = nil
\a cdsLibManager->cellListBox->value = "my4InvLoad"
\a cdsLibManager->cellLineEdit->value = "my4InvLoad"
\a cdsLibManager->viewListBox->value = "schematic"
\a cdsLibManager->viewLineEdit->value = "schematic"
\a cdsLibManager->cellLineEdit->value = ""
\a cdsLibManager->cellListBox->value = nil
\a cdsLibManager->viewLineEdit->value = ""
\a cdsLibManager->viewListBox->value = nil
\a cdsLibManager->cellListBox->value = "map"
\a cdsLibManager->cellLineEdit->value = "map"
\a cdsLibManager->viewListBox->value = "current"
\a cdsLibManager->viewLineEdit->value = "current"
\a cdsLibManager->cellListBox->value = "ihnl"
\a cdsLibManager->cellLineEdit->value = "ihnl"
\a cdsLibManager->viewLineEdit->value = ""
\a cdsLibManager->viewListBox->value = nil
\a cdsLibManager->cellListBox->value = "Sim_write"
\a cdsLibManager->cellLineEdit->value = "Sim_write"
\a cdsLibManager->cellLineEdit->value = ""
\a cdsLibManager->cellListBox->value = nil
\a cdsLibManager->cellListBox->value = "netlist"
\a cdsLibManager->cellLineEdit->value = "netlist"
\a cdsLibManager->cellListBox->value = "svdb"
\a cdsLibManager->cellLineEdit->value = "svdb"
\a nrResizeWindow(cdsLibManager list(614 93 673 544))
